<?xml version="1.0" encoding="UTF-8"?>
<!-- Generated by org.testng.reporters.JUnitXMLReporter -->
<testsuite ignored="0" hostname="DESKTOP-SOML365" failures="2" tests="17" name="ChromeTest" time="744.936" errors="0" timestamp="2025-06-20T15:16:30 IST">
  <testcase classname="agc_SmokeTc.ACS_Physical_State_Sorting_TC11" name="acs_PhysicalStateSorting" time="27.986"/>
  <testcase classname="agc_SmokeTc.Create_New_Risk_Request_TC18" name="createNewRiskRequest" time="20.227"/>
  <testcase classname="agc_SmokeTc.LoginAnsellGuardianTC01" name="loginAnsellGuardian_valid_credentials" time="17.104"/>
  <testcase classname="agc_SmokeTc.ACS_OtherHazards_Disable_TC14" name="acs_OtherHazards_Disable" time="30.264"/>
  <testcase classname="agc_SmokeTc.ACS_Concentration_Sorting_TC10" name="acs_Concentration_Sorting" time="30.102"/>
  <testcase classname="agc_SmokeTc.LoginAnsellGuardianTC03" name="loginAnsellGuardian_InvalidEmailId" time="8.601"/>
  <testcase classname="agc_SmokeTc.LoginAnsellGuardianTC02" name="loginAnsellGuardian_InvalidPassword_Credentials" time="12.162"/>
  <testcase classname="agc_SmokeTc.ACS_selecting_more_than_5_hazards_and_shows_warning_message_TC16" name="acs_Selecting_MoreThan5Hazards_And_Shows_WarningMessage" time="35.254"/>
  <testcase classname="agc_SmokeTc.LoginAnsellGuardianTC05" name="loginAnsellGuardian_EmptyMail" time="8.929"/>
  <testcase classname="agc_SmokeTc.LoginAnsellGuardianTC04" name="loginAnsellGuardian_Invalid_NewEmailId" time="9.147"/>
  <testcase classname="agc_SmokeTc.LoginAnsellGuardianTC06" name="loginAnsellGuardian_WithEmaptyPassword" time="11.316"/>
  <testcase classname="agc_SmokeTc.ACS_Cas_Number_Sorting_TC08" name="acs_CasNumber_Sorting" time="32.46"/>
  <testcase classname="agc_SmokeTc.ACS_chemical_tab_Disable_TC15" name="acs_Chemical_Tab_Disable" time="38.103"/>
  <testcase classname="agc_SmokeTc.Change_of_flag_symbols_TC17" name="testChangeFlagSuccessfully" time="61.437"/>
  <testcase classname="agc_SmokeTc.ACS_Chemicals_Sorting_TC09" name="acs_Chemical_Sorting" time="28.57"/>
  <testcase classname="agc_SmokeTc.ACS_Enter_Chemicals_Using_Search_Text_Field_TC07" name="acs_Add_Chemicals_Using_Search_Text_Field" time="55.521">
    <failure type="org.openqa.selenium.NoSuchWindowException" message="no such window: target window already closed
from unknown error: web view not found
  (Session info: chrome=137.0.7151.105)
Build info: version: &amp;apos;4.33.0&amp;apos;, revision: &amp;apos;2c6aaad03a&amp;apos;
System info: os.name: &amp;apos;Windows 11&amp;apos;, os.arch: &amp;apos;amd64&amp;apos;, os.version: &amp;apos;10.0&amp;apos;, java.version: &amp;apos;17.0.11&amp;apos;
Driver info: org.openqa.selenium.chrome.ChromeDriver
Command: [56239088529ad231e37bd62873a303f2, findElement {value=(//label[text()=&amp;apos;Silver nitrate, aqueous solution&amp;apos;]), using=xpath}]
Capabilities {acceptInsecureCerts: false, browserName: chrome, browserVersion: 137.0.7151.105, chrome: {chromedriverVersion: 137.0.7151.119 (e0ac9d12dff..., userDataDir: C:\Users\SACHIN~1\AppData\L...}, fedcm:accounts: true, goog:chromeOptions: {debuggerAddress: localhost:51973}, networkConnectionEnabled: false, pageLoadStrategy: normal, platformName: windows, proxy: Proxy(), se:cdp: ws://localhost:51973/devtoo..., se:cdpVersion: 137.0.7151.105, setWindowRect: true, strictFileInteractability: false, timeouts: {implicit: 0, pageLoad: 300000, script: 30000}, unhandledPromptBehavior: dismiss and notify, webauthn:extension:credBlob: true, webauthn:extension:largeBlob: true, webauthn:extension:minPinLength: true, webauthn:extension:prf: true, webauthn:virtualAuthenticators: true}
Session ID: 56239088529ad231e37bd62873a303f2">
      <![CDATA[org.openqa.selenium.NoSuchWindowException: no such window: target window already closed
from unknown error: web view not found
  (Session info: chrome=137.0.7151.105)
Build info: version: '4.33.0', revision: '2c6aaad03a'
System info: os.name: 'Windows 11', os.arch: 'amd64', os.version: '10.0', java.version: '17.0.11'
Driver info: org.openqa.selenium.chrome.ChromeDriver
Command: [56239088529ad231e37bd62873a303f2, findElement {value=(//label[text()='Silver nitrate, aqueous solution']), using=xpath}]
Capabilities {acceptInsecureCerts: false, browserName: chrome, browserVersion: 137.0.7151.105, chrome: {chromedriverVersion: 137.0.7151.119 (e0ac9d12dff..., userDataDir: C:\Users\SACHIN~1\AppData\L...}, fedcm:accounts: true, goog:chromeOptions: {debuggerAddress: localhost:51973}, networkConnectionEnabled: false, pageLoadStrategy: normal, platformName: windows, proxy: Proxy(), se:cdp: ws://localhost:51973/devtoo..., se:cdpVersion: 137.0.7151.105, setWindowRect: true, strictFileInteractability: false, timeouts: {implicit: 0, pageLoad: 300000, script: 30000}, unhandledPromptBehavior: dismiss and notify, webauthn:extension:credBlob: true, webauthn:extension:largeBlob: true, webauthn:extension:minPinLength: true, webauthn:extension:prf: true, webauthn:virtualAuthenticators: true}
Session ID: 56239088529ad231e37bd62873a303f2
at org.openqa.selenium.remote.ErrorCodec.decode(ErrorCodec.java:167)
at org.openqa.selenium.remote.codec.w3c.W3CHttpResponseCodec.decode(W3CHttpResponseCodec.java:138)
at org.openqa.selenium.remote.codec.w3c.W3CHttpResponseCodec.decode(W3CHttpResponseCodec.java:50)
at org.openqa.selenium.remote.HttpCommandExecutor.execute(HttpCommandExecutor.java:215)
at org.openqa.selenium.remote.service.DriverCommandExecutor.invokeExecute(DriverCommandExecutor.java:216)
at org.openqa.selenium.remote.service.DriverCommandExecutor.execute(DriverCommandExecutor.java:174)
at org.openqa.selenium.remote.RemoteWebDriver.execute(RemoteWebDriver.java:544)
at org.openqa.selenium.remote.ElementLocation$ElementFinder$2.findElement(ElementLocation.java:165)
at org.openqa.selenium.remote.ElementLocation.findElement(ElementLocation.java:59)
at org.openqa.selenium.remote.RemoteWebDriver.findElement(RemoteWebDriver.java:367)
at org.openqa.selenium.remote.RemoteWebDriver.findElement(RemoteWebDriver.java:361)
at org.openqa.selenium.support.pagefactory.DefaultElementLocator.findElement(DefaultElementLocator.java:68)
at org.openqa.selenium.support.pagefactory.internal.LocatingElementHandler.invoke(LocatingElementHandler.java:38)
at jdk.proxy2/jdk.proxy2.$Proxy6.toString(Unknown Source)
at java.base/java.lang.String.valueOf(String.java:4220)
at org.openqa.selenium.support.ui.ExpectedConditions$23.toString(ExpectedConditions.java:669)
at java.base/java.lang.String.valueOf(String.java:4220)
at org.openqa.selenium.support.ui.FluentWait.until(FluentWait.java:225)
at agc_utilities.WebWait.elementToBeClickable(WebWait.java:37)
at agc_pageObject.Advanced_Chemical_Product_Selector_Hand_Protection.acs_HandProtection_Chemicals(Advanced_Chemical_Product_Selector_Hand_Protection.java:167)
at agc_SmokeTc.ACS_Enter_Chemicals_Using_Search_Text_Field_TC07.acs_Add_Chemicals_Using_Search_Text_Field(ACS_Enter_Chemicals_Using_Search_Text_Field_TC07.java:57)
at java.base/java.util.ArrayList.forEach(ArrayList.java:1511)
at java.base/java.util.concurrent.FutureTask.run(FutureTask.java:264)
at java.base/java.util.concurrent.ThreadPoolExecutor.runWorker(ThreadPoolExecutor.java:1136)
at java.base/java.util.concurrent.ThreadPoolExecutor$Worker.run(ThreadPoolExecutor.java:635)
at java.base/java.lang.Thread.run(Thread.java:840)
... Removed 22 stack frames]]>
    </failure>
  </testcase> <!-- acs_Add_Chemicals_Using_Search_Text_Field -->
  <testcase classname="agc_SmokeTc.ACS_Enter_Chemicals_Using_Search_Text_Field_TC07" name="acs_Add_Chemicals_Using_Search_Text_Field" time="55.537">
    <failure type="java.lang.IllegalArgumentException" message="ScreenCapture&amp;apos;s base64 string must not be null or empty">
      <![CDATA[java.lang.IllegalArgumentException: ScreenCapture's base64 string must not be null or empty
at com.aventstack.extentreports.util.Assert.notEmpty(Assert.java:12)
at com.aventstack.extentreports.ExtentTest.addScreenCaptureFromBase64String(ExtentTest.java:1112)
at com.aventstack.extentreports.ExtentTest.addScreenCaptureFromBase64String(ExtentTest.java:1122)
at agc_extentReport.ExtentReport.failed_test(ExtentReport.java:129)
at agc_listeners.MonitorListener.onTestFailure(MonitorListener.java:47)
at java.base/java.util.ArrayList.forEach(ArrayList.java:1511)
at java.base/java.util.concurrent.FutureTask.run(FutureTask.java:264)
at java.base/java.util.concurrent.ThreadPoolExecutor.runWorker(ThreadPoolExecutor.java:1136)
at java.base/java.util.concurrent.ThreadPoolExecutor$Worker.run(ThreadPoolExecutor.java:635)
at java.base/java.lang.Thread.run(Thread.java:840)
... Removed 15 stack frames]]>
    </failure>
  </testcase> <!-- acs_Add_Chemicals_Using_Search_Text_Field -->
</testsuite> <!-- ChromeTest -->
