<?xml version="1.0" encoding="UTF-8"?>
<!-- Generated by org.testng.reporters.JUnitXMLReporter -->
<testsuite ignored="0" hostname="DESKTOP-SOML365" failures="0" tests="2" name="FirefoxTest" time="31.043" errors="0" timestamp="2025-06-19T12:46:32 IST">
  <testcase classname="agc_base.BaseClass" name="@BeforeMethod Login" time="-1.750317392572E9">
    <failure type="org.testng.TestNGException" message="
Can inject only one of &amp;lt;ITestContext, XmlTest, Method, Object[], ITestResult&amp;gt; into a @BeforeMethod annotated Login.
For more information on native dependency injection please refer to https://testng.org/doc/documentation-main.html#native-dependency-injection">
      <![CDATA[org.testng.TestNGException: 
Can inject only one of <ITestContext, XmlTest, Method, Object[], ITestResult> into a @BeforeMethod annotated Login.
For more information on native dependency injection please refer to https://testng.org/doc/documentation-main.html#native-dependency-injection
at java.base/java.util.concurrent.FutureTask.run(FutureTask.java:264)
at java.base/java.util.concurrent.Executors$RunnableAdapter.call(Executors.java:539)
at java.base/java.util.concurrent.FutureTask.run(FutureTask.java:264)
at java.base/java.util.concurrent.ThreadPoolExecutor.runWorker(ThreadPoolExecutor.java:1136)
at java.base/java.util.concurrent.ThreadPoolExecutor$Worker.run(ThreadPoolExecutor.java:635)
at java.base/java.lang.Thread.run(Thread.java:840)
... Removed 10 stack frames]]>
    </failure>
  </testcase> <!-- @BeforeMethod Login -->
  <testcase classname="agc_base.BaseClass" name="@BeforeMethod Login" time="-1.750317392576E9">
    <failure type="org.testng.TestNGException" message="
Can inject only one of &amp;lt;ITestContext, XmlTest, Method, Object[], ITestResult&amp;gt; into a @BeforeMethod annotated Login.
For more information on native dependency injection please refer to https://testng.org/doc/documentation-main.html#native-dependency-injection">
      <![CDATA[org.testng.TestNGException: 
Can inject only one of <ITestContext, XmlTest, Method, Object[], ITestResult> into a @BeforeMethod annotated Login.
For more information on native dependency injection please refer to https://testng.org/doc/documentation-main.html#native-dependency-injection
at java.base/java.util.concurrent.FutureTask.run(FutureTask.java:264)
at java.base/java.util.concurrent.Executors$RunnableAdapter.call(Executors.java:539)
at java.base/java.util.concurrent.FutureTask.run(FutureTask.java:264)
at java.base/java.util.concurrent.ThreadPoolExecutor.runWorker(ThreadPoolExecutor.java:1136)
at java.base/java.util.concurrent.ThreadPoolExecutor$Worker.run(ThreadPoolExecutor.java:635)
at java.base/java.lang.Thread.run(Thread.java:840)
... Removed 10 stack frames]]>
    </failure>
  </testcase> <!-- @BeforeMethod Login -->
  <testcase classname="agc_base.BaseClass" name="@AfterMethod Logout" time="-1.750317392607E9">
    <skipped/>
  </testcase> <!-- @AfterMethod Logout -->
  <testcase classname="agc_base.BaseClass" name="@AfterMethod Logout" time="-1.750317392613E9">
    <skipped/>
  </testcase> <!-- @AfterMethod Logout -->
  <testcase classname="agc_base.BaseClass" name="@AfterClass CloseBrowser" time="-1.750317392621E9">
    <skipped/>
  </testcase> <!-- @AfterClass CloseBrowser -->
  <testcase classname="agc_SmokeTc.LoginAncellGurdianTC01" name="loginAncellGurdian_valid_credentials" time="0.0">
    <skipped/>
  </testcase> <!-- loginAncellGurdian_valid_credentials -->
  <testcase classname="agc_SmokeTc.LoginAncellGurdianTC01" name="loginAncellGurdian_valid_credentials" time="0.0">
    <skipped/>
  </testcase> <!-- loginAncellGurdian_valid_credentials -->
</testsuite> <!-- FirefoxTest -->
