<?xml version="1.0" encoding="UTF-8"?>
<!-- Generated by org.testng.reporters.JUnitXMLReporter -->
<testsuite ignored="0" hostname="DESKTOP-SOML365" failures="1" tests="1" name="ChromeTest" time="96.142" errors="0" timestamp="2025-06-19T16:13:40 IST">
  <testcase classname="agc_base.BaseClass" name="@AfterMethod Logout" time="30.377">
    <failure type="java.lang.NullPointerException" message="Cannot invoke &amp;quot;org.openqa.selenium.WebDriver.getClass()&amp;quot; because &amp;quot;exceptionDriver&amp;quot; is null">
      <![CDATA[java.lang.NullPointerException: Cannot invoke "org.openqa.selenium.WebDriver.getClass()" because "exceptionDriver" is null
at org.openqa.selenium.support.ui.WebDriverWait.timeoutException(WebDriverWait.java:85)
at org.openqa.selenium.support.ui.FluentWait.until(FluentWait.java:228)
at agc_utilities.WebWait.elementToBeClickable(WebWait.java:37)
at agc_pageObject.My_Report.logout(My_Report.java:208)
at agc_base.BaseClass.Logout(BaseClass.java:164)
at java.base/java.util.ArrayList.forEach(ArrayList.java:1511)
at java.base/java.util.concurrent.FutureTask.run(FutureTask.java:264)
at java.base/java.util.concurrent.ThreadPoolExecutor.runWorker(ThreadPoolExecutor.java:1136)
at java.base/java.util.concurrent.ThreadPoolExecutor$Worker.run(ThreadPoolExecutor.java:635)
at java.base/java.lang.Thread.run(Thread.java:840)
... Removed 23 stack frames]]>
    </failure>
  </testcase> <!-- @AfterMethod Logout -->
  <testcase classname="agc_base.BaseClass" name="@AfterClass CloseBrowser" time="-1.750329816658E9">
    <skipped/>
  </testcase> <!-- @AfterClass CloseBrowser -->
  <testcase classname="ACS_EndToEnd.ACS_BodyProtection_Report_Download" name="ACSBodyProtection_Report_Download" time="50.489">
    <failure type="org.openqa.selenium.ElementClickInterceptedException" message="element click intercepted: Element &amp;lt;a role=&amp;quot;tab&amp;quot; class=&amp;quot;p-accordion-header-link ng-tns-c64-22&amp;quot; tabindex=&amp;quot;0&amp;quot; id=&amp;quot;p-accordiontab-3&amp;quot; aria-controls=&amp;quot;p-accordiontab-3-content&amp;quot;&amp;gt;...&amp;lt;/a&amp;gt; is not clickable at point (960, 608). Other element would receive the click: &amp;lt;div _ngcontent-xxh-c33=&amp;quot;&amp;quot; id=&amp;quot;apiLoader&amp;quot; style=&amp;quot;display: flex;&amp;quot;&amp;gt;...&amp;lt;/div&amp;gt;
  (Session info: chrome=137.0.7151.104)
Build info: version: &amp;apos;4.33.0&amp;apos;, revision: &amp;apos;2c6aaad03a&amp;apos;
System info: os.name: &amp;apos;Windows 11&amp;apos;, os.arch: &amp;apos;amd64&amp;apos;, os.version: &amp;apos;10.0&amp;apos;, java.version: &amp;apos;17.0.11&amp;apos;
Driver info: org.openqa.selenium.chrome.ChromeDriver
Command: [f754e21ee3c71ddbdf7b30a22fccaa0e, clickElement {id=f.B1A688ABFE0E6ED3592D598B512EF3A1.d.E0ED991FD1EAA211F65224B61CADED38.e.606}]
Capabilities {acceptInsecureCerts: false, browserName: chrome, browserVersion: 137.0.7151.104, chrome: {chromedriverVersion: 137.0.7151.119 (e0ac9d12dff..., userDataDir: C:\Users\SACHIN~1\AppData\L...}, fedcm:accounts: true, goog:chromeOptions: {debuggerAddress: localhost:49646}, networkConnectionEnabled: false, pageLoadStrategy: normal, platformName: windows, proxy: Proxy(), se:cdp: ws://localhost:49646/devtoo..., se:cdpVersion: 137.0.7151.104, setWindowRect: true, strictFileInteractability: false, timeouts: {implicit: 0, pageLoad: 300000, script: 30000}, unhandledPromptBehavior: dismiss and notify, webauthn:extension:credBlob: true, webauthn:extension:largeBlob: true, webauthn:extension:minPinLength: true, webauthn:extension:prf: true, webauthn:virtualAuthenticators: true}
Element: [[ChromeDriver: chrome on windows (f754e21ee3c71ddbdf7b30a22fccaa0e)] -&amp;gt; xpath: //a[@id=&amp;apos;p-accordiontab-3&amp;apos;]]
Session ID: f754e21ee3c71ddbdf7b30a22fccaa0e">
      <![CDATA[org.openqa.selenium.ElementClickInterceptedException: element click intercepted: Element <a role="tab" class="p-accordion-header-link ng-tns-c64-22" tabindex="0" id="p-accordiontab-3" aria-controls="p-accordiontab-3-content">...</a> is not clickable at point (960, 608). Other element would receive the click: <div _ngcontent-xxh-c33="" id="apiLoader" style="display: flex;">...</div>
  (Session info: chrome=137.0.7151.104)
Build info: version: '4.33.0', revision: '2c6aaad03a'
System info: os.name: 'Windows 11', os.arch: 'amd64', os.version: '10.0', java.version: '17.0.11'
Driver info: org.openqa.selenium.chrome.ChromeDriver
Command: [f754e21ee3c71ddbdf7b30a22fccaa0e, clickElement {id=f.B1A688ABFE0E6ED3592D598B512EF3A1.d.E0ED991FD1EAA211F65224B61CADED38.e.606}]
Capabilities {acceptInsecureCerts: false, browserName: chrome, browserVersion: 137.0.7151.104, chrome: {chromedriverVersion: 137.0.7151.119 (e0ac9d12dff..., userDataDir: C:\Users\SACHIN~1\AppData\L...}, fedcm:accounts: true, goog:chromeOptions: {debuggerAddress: localhost:49646}, networkConnectionEnabled: false, pageLoadStrategy: normal, platformName: windows, proxy: Proxy(), se:cdp: ws://localhost:49646/devtoo..., se:cdpVersion: 137.0.7151.104, setWindowRect: true, strictFileInteractability: false, timeouts: {implicit: 0, pageLoad: 300000, script: 30000}, unhandledPromptBehavior: dismiss and notify, webauthn:extension:credBlob: true, webauthn:extension:largeBlob: true, webauthn:extension:minPinLength: true, webauthn:extension:prf: true, webauthn:virtualAuthenticators: true}
Element: [[ChromeDriver: chrome on windows (f754e21ee3c71ddbdf7b30a22fccaa0e)] -> xpath: //a[@id='p-accordiontab-3']]
Session ID: f754e21ee3c71ddbdf7b30a22fccaa0e
at org.openqa.selenium.remote.ErrorCodec.decode(ErrorCodec.java:167)
at org.openqa.selenium.remote.codec.w3c.W3CHttpResponseCodec.decode(W3CHttpResponseCodec.java:138)
at org.openqa.selenium.remote.codec.w3c.W3CHttpResponseCodec.decode(W3CHttpResponseCodec.java:50)
at org.openqa.selenium.remote.HttpCommandExecutor.execute(HttpCommandExecutor.java:215)
at org.openqa.selenium.remote.service.DriverCommandExecutor.invokeExecute(DriverCommandExecutor.java:216)
at org.openqa.selenium.remote.service.DriverCommandExecutor.execute(DriverCommandExecutor.java:174)
at org.openqa.selenium.remote.RemoteWebDriver.execute(RemoteWebDriver.java:544)
at org.openqa.selenium.remote.RemoteWebElement.execute(RemoteWebElement.java:223)
at org.openqa.selenium.remote.RemoteWebElement.click(RemoteWebElement.java:76)
at org.openqa.selenium.support.pagefactory.internal.LocatingElementHandler.invoke(LocatingElementHandler.java:51)
at jdk.proxy2/jdk.proxy2.$Proxy6.click(Unknown Source)
at agc_pageObject.Advanced_Chemical_Product_Selector_Hand_Protection.acs_Report_Details(Advanced_Chemical_Product_Selector_Hand_Protection.java:268)
at ACS_EndToEnd.ACS_BodyProtection_Report_Download.ACSBodyProtection_Report_Download(ACS_BodyProtection_Report_Download.java:102)
at java.base/java.util.ArrayList.forEach(ArrayList.java:1511)
at java.base/java.util.concurrent.FutureTask.run(FutureTask.java:264)
at java.base/java.util.concurrent.ThreadPoolExecutor.runWorker(ThreadPoolExecutor.java:1136)
at java.base/java.util.concurrent.ThreadPoolExecutor$Worker.run(ThreadPoolExecutor.java:635)
at java.base/java.lang.Thread.run(Thread.java:840)
... Removed 26 stack frames]]>
    </failure>
  </testcase> <!-- ACSBodyProtection_Report_Download -->
</testsuite> <!-- ChromeTest -->
